{"/Users/arcseldon/work/github/auth0/ip-conn-webtask/build/main/ipconn.js":{"path":"/Users/arcseldon/work/github/auth0/ip-conn-webtask/build/main/ipconn.js","s":{"1":1,"2":40,"3":40,"4":12,"5":12,"6":21,"7":12,"8":12,"9":1,"10":16,"11":16,"12":16,"13":16,"14":4,"15":4,"16":12,"17":12,"18":12,"19":12,"20":12,"21":1},"b":{"1":[12,10,2],"2":[4,12]},"f":{"1":40,"2":40,"3":12,"4":12,"5":21,"6":12,"7":16},"fnMap":{"1":{"name":"(anonymous_1)","line":15,"loc":{"start":{"line":15,"column":22},"end":{"line":15,"column":38}}},"2":{"name":"ipv4CidrFilter","line":18,"loc":{"start":{"line":18,"column":21},"end":{"line":18,"column":51}}},"3":{"name":"buildTree","line":21,"loc":{"start":{"line":21,"column":16},"end":{"line":21,"column":41}}},"4":{"name":"(anonymous_4)","line":25,"loc":{"start":{"line":25,"column":22},"end":{"line":25,"column":44}}},"5":{"name":"(anonymous_5)","line":26,"loc":{"start":{"line":26,"column":22},"end":{"line":26,"column":40}}},"6":{"name":"ipv4Type","line":31,"loc":{"start":{"line":31,"column":15},"end":{"line":31,"column":37}}},"7":{"name":"(anonymous_7)","line":35,"loc":{"start":{"line":35,"column":17},"end":{"line":35,"column":38}}}},"statementMap":{"1":{"start":{"line":11,"column":0},"end":{"line":33,"column":2}},"2":{"start":{"line":16,"column":2},"end":{"line":16,"column":77}},"3":{"start":{"line":19,"column":2},"end":{"line":19,"column":48}},"4":{"start":{"line":22,"column":2},"end":{"line":22,"column":42}},"5":{"start":{"line":26,"column":2},"end":{"line":28,"column":13}},"6":{"start":{"line":27,"column":4},"end":{"line":27,"column":33}},"7":{"start":{"line":29,"column":2},"end":{"line":29,"column":46}},"8":{"start":{"line":32,"column":2},"end":{"line":32,"column":30}},"9":{"start":{"line":35,"column":0},"end":{"line":57,"column":2}},"10":{"start":{"line":36,"column":2},"end":{"line":56,"column":3}},"11":{"start":{"line":39,"column":4},"end":{"line":39,"column":30}},"12":{"start":{"line":40,"column":4},"end":{"line":40,"column":39}},"13":{"start":{"line":41,"column":4},"end":{"line":44,"column":5}},"14":{"start":{"line":42,"column":6},"end":{"line":42,"column":56}},"15":{"start":{"line":43,"column":6},"end":{"line":43,"column":51}},"16":{"start":{"line":45,"column":4},"end":{"line":45,"column":36}},"17":{"start":{"line":46,"column":4},"end":{"line":46,"column":44}},"18":{"start":{"line":49,"column":4},"end":{"line":49,"column":49}},"19":{"start":{"line":50,"column":4},"end":{"line":50,"column":80}},"20":{"start":{"line":53,"column":4},"end":{"line":53,"column":34}},"21":{"start":{"line":55,"column":4},"end":{"line":55,"column":58}}},"branchMap":{"1":{"line":29,"type":"binary-expr","locations":[{"start":{"line":29,"column":9},"end":{"line":29,"column":15}},{"start":{"line":29,"column":19},"end":{"line":29,"column":30}},{"start":{"line":29,"column":34},"end":{"line":29,"column":45}}]},"2":{"line":41,"type":"if","locations":[{"start":{"line":41,"column":4},"end":{"line":41,"column":4}},{"start":{"line":41,"column":4},"end":{"line":41,"column":4}}]}}}}