TN:
SF:/Users/arcseldon/work/github/auth0/ip-conn-webtask/build/main/ipconn.js
FN:15,(anonymous_1)
FN:18,ipv4CidrFilter
FN:21,buildTree
FN:25,(anonymous_4)
FN:26,(anonymous_5)
FN:31,ipv4Type
FN:35,(anonymous_7)
FNF:7
FNH:7
FNDA:40,(anonymous_1)
FNDA:40,ipv4CidrFilter
FNDA:12,buildTree
FNDA:12,(anonymous_4)
FNDA:21,(anonymous_5)
FNDA:12,ipv4Type
FNDA:16,(anonymous_7)
DA:11,1
DA:16,40
DA:19,40
DA:22,12
DA:26,12
DA:27,21
DA:29,12
DA:32,12
DA:35,1
DA:36,16
DA:39,16
DA:40,16
DA:41,16
DA:42,4
DA:43,4
DA:45,12
DA:46,12
DA:49,12
DA:50,12
DA:53,12
DA:55,1
LF:21
LH:21
BRDA:29,1,0,12
BRDA:29,1,1,10
BRDA:29,1,2,2
BRDA:41,2,0,4
BRDA:41,2,1,12
BRF:5
BRH:5
end_of_record
